d:\directx12\codes\d3d12book\chapter 4 direct3d initialization\init direct3d\x64\debug\vc143.pdb
d:\directx12\codes\d3d12book\chapter 4 direct3d initialization\init direct3d\x64\debug\vc143.idb
d:\directx12\codes\d3d12book\chapter 4 direct3d initialization\init direct3d\x64\debug\initdirect3dapp.obj
d:\directx12\codes\d3d12book\chapter 4 direct3d initialization\init direct3d\x64\debug\gametimer.obj
d:\directx12\codes\d3d12book\chapter 4 direct3d initialization\init direct3d\x64\debug\d3dutil.obj
d:\directx12\codes\d3d12book\chapter 4 direct3d initialization\init direct3d\x64\debug\d3dapp.obj
d:\directx12\codes\d3d12book\chapter 4 direct3d initialization\init direct3d\x64\debug\init direct3d.ilk
d:\directx12\codes\d3d12book\chapter 4 direct3d initialization\init direct3d\x64\debug\init direct3d.exe
d:\directx12\codes\d3d12book\chapter 4 direct3d initialization\init direct3d\x64\debug\init direct3d.pdb
d:\directx12\codes\chapter 4 direct3d initialization\init direct3d\x64\debug\d3dapp.obj
d:\directx12\codes\chapter 4 direct3d initialization\init direct3d\x64\debug\d3dutil.obj
d:\directx12\codes\chapter 4 direct3d initialization\init direct3d\x64\debug\gametimer.obj
d:\directx12\codes\chapter 4 direct3d initialization\init direct3d\x64\debug\initdirect3dapp.obj
d:\directx12\codes\chapter 4 direct3d initialization\init direct3d\x64\debug\init direct3d.ilk
d:\directx12\codes\chapter 4 direct3d initialization\init direct3d\x64\debug\vc143.idb
d:\directx12\codes\chapter 4 direct3d initialization\init direct3d\x64\debug\init direct3d.pdb
d:\directx12\codes\chapter 4 direct3d initialization\init direct3d\x64\debug\vc143.pdb
d:\directx12\codes\chapter 4 direct3d initialization\init direct3d\x64\debug\init direct3d.exe
d:\directx12\codes\chapter 4 direct3d initialization\init direct3d\x64\debug\init direct3d.tlog\cl.command.1.tlog
d:\directx12\codes\chapter 4 direct3d initialization\init direct3d\x64\debug\init direct3d.tlog\cl.read.1.tlog
d:\directx12\codes\chapter 4 direct3d initialization\init direct3d\x64\debug\init direct3d.tlog\cl.write.1.tlog
d:\directx12\codes\chapter 4 direct3d initialization\init direct3d\x64\debug\init direct3d.tlog\link.command.1.tlog
d:\directx12\codes\chapter 4 direct3d initialization\init direct3d\x64\debug\init direct3d.tlog\link.read.1.tlog
d:\directx12\codes\chapter 4 direct3d initialization\init direct3d\x64\debug\init direct3d.tlog\link.write.1.tlog
